<?xml version="1.0" encoding="UTF-8"?>
<!-- Generated by org.testng.reporters.JUnitReportReporter -->
<testsuite skipped="0" hostname="Lenovo-PC" name="SeleniumPackage.AjaxcallHandling" tests="1" failures="0" timestamp="22 Mar 2019 16:15:03 GMT" time="3.661" errors="0">
  <testcase name="ajaxCall" time="3.661" classname="SeleniumPackage.AjaxcallHandling"/>
</testsuite> <!-- SeleniumPackage.AjaxcallHandling -->
