<?xml version="1.0" encoding="UTF-8"?>
<!-- Generated by org.testng.reporters.JUnitReportReporter -->
<testsuite skipped="0" hostname="Lenovo-PC" name="SeleniumPackage.HandlingWindowObjectsFileUpload" tests="1" failures="0" timestamp="20 Mar 2019 15:24:18 GMT" time="37.484" errors="0">
  <testcase name="zamzar" time="37.484" classname="SeleniumPackage.HandlingWindowObjectsFileUpload"/>
</testsuite> <!-- SeleniumPackage.HandlingWindowObjectsFileUpload -->
